#
# There is insufficient memory for the Java Runtime Environment to continue.
# Native memory allocation (malloc) failed to allocate 1048576 bytes for AllocateHeap
# Possible reasons:
#   The system is out of physical RAM or swap space
#   The process is running with CompressedOops enabled, and the Java Heap may be blocking the growth of the native heap
# Possible solutions:
#   Reduce memory load on the system
#   Increase physical memory or swap space
#   Check if swap backing store is full
#   Decrease Java heap size (-Xmx/-Xms)
#   Decrease number of Java threads
#   Decrease Java thread stack sizes (-Xss)
#   Set larger code cache with -XX:ReservedCodeCacheSize=
#   JVM is running with Unscaled Compressed Oops mode in which the Java heap is
#     placed in the first 4GB address space. The Java Heap base address is the
#     maximum limit for the native heap growth. Please use -XX:HeapBaseMinAddress
#     to set the Java Heap base and to place the Java Heap above 4GB virtual address.
# This output file may be truncated or incomplete.
#
#  Out of Memory Error (./open/src/hotspot/share/memory/allocation.cpp:46), pid=11508, tid=13968
#
# JRE version:  (11.0.12+8) (build )
# Java VM: Java HotSpot(TM) 64-Bit Server VM (11.0.12+8-LTS-237, mixed mode, sharing, tiered, compressed oops, g1 gc, windows-amd64)
# No core dump will be written. Minidumps are not enabled by default on client versions of Windows
#

---------------  S U M M A R Y ------------

Command Line: -Dfile.encoding=MS949 kosa.api.question.Ex01_9

Host: Intel(R) Core(TM) i5-9400F CPU @ 2.90GHz, 6 cores, 15G,  Windows 10 , 64 bit Build 19041 (10.0.19041.1889)
Time: Wed Jun  5 00:21:10 2024 대한민국 표준시 elapsed time: 0.014561 seconds (0d 0h 0m 0s)

---------------  T H R E A D  ---------------

Current thread (0x000002bb07218000):  JavaThread "Unknown thread" [_thread_in_vm, id=13968, stack(0x000000bbd2a00000,0x000000bbd2b00000)]

Stack: [0x000000bbd2a00000,0x000000bbd2b00000]
Native frames: (J=compiled Java code, j=interpreted, Vv=VM code, C=native code)
V  [jvm.dll+0x617d9a]
V  [jvm.dll+0x74eeef]
V  [jvm.dll+0x750599]
V  [jvm.dll+0x750c23]
V  [jvm.dll+0x2438d8]
V  [jvm.dll+0xb13f4]
V  [jvm.dll+0x2d1bb8]
V  [jvm.dll+0x72a967]
V  [jvm.dll+0x72c21f]
V  [jvm.dll+0x34c469]
V  [jvm.dll+0x710400]
V  [jvm.dll+0x3b5baf]
V  [jvm.dll+0x3b7cb1]
C  [jli.dll+0x520b]
C  [ucrtbase.dll+0x21bb2]
C  [KERNEL32.DLL+0x17034]
C  [ntdll.dll+0x526a1]


---------------  P R O C E S S  ---------------

Threads class SMR info:
_java_thread_list=0x000002bb04d6f3b0, length=0, elements={
}

Java Threads: ( => current thread )

Other Threads:

=>0x000002bb07218000 (exited) JavaThread "Unknown thread" [_thread_in_vm, id=13968, stack(0x000000bbd2a00000,0x000000bbd2b00000)]

Threads with active compile tasks:

VM state:not at safepoint (not fully initialized)

VM Mutex/Monitor currently owned by a thread: None


[error occurred during error reporting (printing compressed oops mode), id 0xc0000005, EXCEPTION_ACCESS_VIOLATION (0xc0000005) at pc=0x00007ffbc4c5b867]

GC Heap History (0 events):
No events

Deoptimization events (0 events):
No events

Classes redefined (0 events):
No events

Internal exceptions (0 events):
No events

Events (0 events):
No events


Dynamic libraries:
0x00007ff723530000 - 0x00007ff72353f000 	C:\Program Files\Java\jdk-11.0.12\bin\javaw.exe
0x00007ffc30a30000 - 0x00007ffc30c28000 	C:\Windows\SYSTEM32\ntdll.dll
0x00007ffc2f5d0000 - 0x00007ffc2f68d000 	C:\Windows\System32\KERNEL32.DLL
0x00007ffc2e690000 - 0x00007ffc2e95e000 	C:\Windows\System32\KERNELBASE.dll
0x00007ffc2e990000 - 0x00007ffc2ea90000 	C:\Windows\System32\ucrtbase.dll
0x00007ffc28ea0000 - 0x00007ffc28eb8000 	C:\Program Files\Java\jdk-11.0.12\bin\jli.dll
0x00007ffc2f370000 - 0x00007ffc2f41e000 	C:\Windows\System32\ADVAPI32.dll
0x00007ffc301d0000 - 0x00007ffc3026e000 	C:\Windows\System32\msvcrt.dll
0x00007ffc2fd90000 - 0x00007ffc2fe2c000 	C:\Windows\System32\sechost.dll
0x00007ffc2fe30000 - 0x00007ffc2ff55000 	C:\Windows\System32\RPCRT4.dll
0x00007ffc30780000 - 0x00007ffc30920000 	C:\Windows\System32\USER32.dll
0x00007ffc2e2f0000 - 0x00007ffc2e312000 	C:\Windows\System32\win32u.dll
0x00007ffc30040000 - 0x00007ffc3006a000 	C:\Windows\System32\GDI32.dll
0x00007ffc2e1e0000 - 0x00007ffc2e2eb000 	C:\Windows\System32\gdi32full.dll
0x00007ffc2e480000 - 0x00007ffc2e51d000 	C:\Windows\System32\msvcp_win.dll
0x00007ffc278f0000 - 0x00007ffc27905000 	C:\Program Files\Java\jdk-11.0.12\bin\VCRUNTIME140.dll
0x00007ffc28fd0000 - 0x00007ffc28fda000 	C:\Windows\SYSTEM32\VERSION.dll
0x00007ffc1fb70000 - 0x00007ffc1fe0a000 	C:\Windows\WinSxS\amd64_microsoft.windows.common-controls_6595b64144ccf1df_6.0.19041.1110_none_60b5254171f9507e\COMCTL32.dll
0x00007ffc301a0000 - 0x00007ffc301d0000 	C:\Windows\System32\IMM32.DLL
0x0000000180000000 - 0x0000000180007000 	C:\Program Files\Prio\prio.dll
0x00007ffc20900000 - 0x00007ffc2099b000 	C:\Program Files\Java\jdk-11.0.12\bin\msvcp140.dll
0x00007ffbc4530000 - 0x00007ffbc502f000 	C:\Program Files\Java\jdk-11.0.12\bin\server\jvm.dll
0x00007ffc2f340000 - 0x00007ffc2f348000 	C:\Windows\System32\PSAPI.DLL
0x00007ffc04be0000 - 0x00007ffc04be9000 	C:\Windows\SYSTEM32\WSOCK32.dll
0x00007ffc2ff60000 - 0x00007ffc2ffcb000 	C:\Windows\System32\WS2_32.dll
0x00007ffc27200000 - 0x00007ffc27227000 	C:\Windows\SYSTEM32\WINMM.dll
0x00007ffc2c060000 - 0x00007ffc2c072000 	C:\Windows\SYSTEM32\kernel.appcore.dll
0x00007ffc2a120000 - 0x00007ffc2a130000 	C:\Program Files\Java\jdk-11.0.12\bin\verify.dll
0x00007ffc1f900000 - 0x00007ffc1fae4000 	C:\Windows\SYSTEM32\DBGHELP.DLL
0x00007ffc1f8d0000 - 0x00007ffc1f8fc000 	C:\Windows\SYSTEM32\dbgcore.DLL
0x00007ffc2e150000 - 0x00007ffc2e1d2000 	C:\Windows\System32\bcryptPrimitives.dll
0x00007ffc27170000 - 0x00007ffc27198000 	C:\Program Files\Java\jdk-11.0.12\bin\java.dll
0x00007ffc278e0000 - 0x00007ffc278ea000 	C:\Program Files\Java\jdk-11.0.12\bin\jimage.dll
0x00007ffc258a0000 - 0x00007ffc258b6000 	C:\Program Files\Java\jdk-11.0.12\bin\zip.dll

dbghelp: loaded successfully - version: 4.0.5 - missing functions: none
symbol engine: initialized successfully - sym options: 0x614 - pdb path: .;C:\Program Files\Java\jdk-11.0.12\bin;C:\Windows\SYSTEM32;C:\Windows\WinSxS\amd64_microsoft.windows.common-controls_6595b64144ccf1df_6.0.19041.1110_none_60b5254171f9507e;C:\Program Files\Prio;C:\Program Files\Java\jdk-11.0.12\bin\server

VM Arguments:
jvm_args: -Dfile.encoding=MS949 
java_command: kosa.api.question.Ex01_9
java_class_path (initial): C:\KCC_BACK_UP\java_work\Kcc_Java\bin
Launcher Type: SUN_STANDARD

[Global flags]
     intx CICompilerCount                          = 3                                         {product} {ergonomic}
     uint G1ConcRefinementThreads                  = 6                                         {product} {ergonomic}
   size_t G1HeapRegionSize                         = 1048576                                   {product} {ergonomic}
    uintx GCDrainStackTargetSize                   = 64                                        {product} {ergonomic}
   size_t InitialHeapSize                          = 268435456                                 {product} {ergonomic}
   size_t MaxHeapSize                              = 4278190080                                {product} {ergonomic}
   size_t MinHeapDeltaBytes                        = 1048576                                   {product} {ergonomic}
    uintx NonNMethodCodeHeapSize                   = 5830732                                {pd product} {ergonomic}
    uintx NonProfiledCodeHeapSize                  = 122913754                              {pd product} {ergonomic}
    uintx ProfiledCodeHeapSize                     = 122913754                              {pd product} {ergonomic}
    uintx ReservedCodeCacheSize                    = 251658240                              {pd product} {ergonomic}
     bool SegmentedCodeCache                       = true                                      {product} {ergonomic}
     bool UseCompressedClassPointers               = true                                 {lp64_product} {ergonomic}
     bool UseCompressedOops                        = true                                 {lp64_product} {ergonomic}
     bool UseG1GC                                  = true                                      {product} {ergonomic}
     bool UseLargePagesIndividualAllocation        = false                                  {pd product} {ergonomic}

Logging:
Log output configuration:
 #0: stdout all=warning uptime,level,tags
 #1: stderr all=off uptime,level,tags

Environment Variables:
PATH=C:\Program Files\Common Files\Oracle\Java\javapath;C:\Windows\system32;C:\Windows;C:\Windows\System32\Wbem;C:\Windows\System32\WindowsPowerShell\v1.0\;C:\Windows\System32\OpenSSH\;C:\Program Files\Prio;C:\Program Files (x86)\Intel\Intel(R) Management Engine Components\DAL;C:\Program Files\Intel\Intel(R) Management Engine Components\DAL;C:\Program Files (x86)\NVIDIA Corporation\PhysX\Common;C:\Program Files\Git\cmd;C:\Users\Win10\AppData\Local\Microsoft\WindowsApps;
USERNAME=Win10
OS=Windows_NT
PROCESSOR_IDENTIFIER=Intel64 Family 6 Model 158 Stepping 10, GenuineIntel



---------------  S Y S T E M  ---------------

OS: Windows 10 , 64 bit Build 19041 (10.0.19041.1889)

CPU:total 6 (initial active 6) (6 cores per cpu, 1 threads per core) family 6 model 158 stepping 10 microcode 0xb4, cmov, cx8, fxsr, mmx, sse, sse2, sse3, ssse3, sse4.1, sse4.2, popcnt, avx, avx2, aes, clmul, erms, 3dnowpref, lzcnt, tsc, tscinvbit, bmi1, bmi2, adx, fma

Memory: 4k page, system-wide physical 16317M (3825M free)
TotalPageFile size 24509M (AvailPageFile size 8M)
current process WorkingSet (physical memory assigned to process): 9M, peak: 9M
current process commit charge ("private bytes"): 16M, peak: 16M

vm_info: Java HotSpot(TM) 64-Bit Server VM (11.0.12+8-LTS-237) for windows-amd64 JRE (11.0.12+8-LTS-237), built on Jun  8 2021 11:25:59 by "mach5one" with MS VC++ 15.9 (VS2017)

END.
