2024-05-23 14:14:26,487 [Worker-1: Loading available Gradle versions] INFO  o.e.b.c.i.u.g.PublishedGradleVersions - Gradle version information cache is not available. Remote download required.
2024-05-23 14:31:14,457 [Worker-4: Loading available Gradle versions] INFO  o.e.b.c.i.u.g.PublishedGradleVersions - Gradle version information cache is up-to-date. Trying to read.
2024-05-23 17:56:49,398 [Worker-1: Loading available Gradle versions] INFO  o.e.b.c.i.u.g.PublishedGradleVersions - Gradle version information cache is up-to-date. Trying to read.
2024-05-24 10:43:06,489 [Worker-0: Loading available Gradle versions] INFO  o.e.b.c.i.u.g.PublishedGradleVersions - Gradle version information cache is up-to-date. Trying to read.
2024-05-24 11:53:41,502 [Worker-5: Loading available Gradle versions] INFO  o.e.b.c.i.u.g.PublishedGradleVersions - Gradle version information cache is up-to-date. Trying to read.
2024-05-24 12:00:36,589 [Worker-6: Loading available Gradle versions] INFO  o.e.b.c.i.u.g.PublishedGradleVersions - Gradle version information cache is up-to-date. Trying to read.
2024-05-24 12:07:45,932 [Worker-1: Loading available Gradle versions] INFO  o.e.b.c.i.u.g.PublishedGradleVersions - Gradle version information cache is up-to-date. Trying to read.
2024-05-28 11:57:45,685 [Worker-2: Loading available Gradle versions] INFO  o.e.b.c.i.u.g.PublishedGradleVersions - Gradle version information cache is up-to-date. Trying to read.
2024-05-28 11:59:24,312 [Worker-1: Loading available Gradle versions] INFO  o.e.b.c.i.u.g.PublishedGradleVersions - Gradle version information cache is up-to-date. Trying to read.
2024-06-02 20:16:58,012 [Worker-0: Loading available Gradle versions] INFO  o.e.b.c.i.u.g.PublishedGradleVersions - Gradle version information cache is not available. Remote download required.
2024-06-02 20:23:59,886 [Worker-5: Loading available Gradle versions] INFO  o.e.b.c.i.u.g.PublishedGradleVersions - Gradle version information cache is up-to-date. Trying to read.
2024-06-04 22:13:58,042 [Worker-2: Loading available Gradle versions] INFO  o.e.b.c.i.u.g.PublishedGradleVersions - Gradle version information cache is up-to-date. Trying to read.
2024-06-05 00:21:34,496 [Worker-0: Loading available Gradle versions] INFO  o.e.b.c.i.u.g.PublishedGradleVersions - Gradle version information cache is up-to-date. Trying to read.
2024-06-08 15:42:45,133 [Worker-6: Loading available Gradle versions] INFO  o.e.b.c.i.u.g.PublishedGradleVersions - Gradle version information cache is not available. Remote download required.
2024-06-08 15:45:59,363 [Worker-4: Loading available Gradle versions] INFO  o.e.b.c.i.u.g.PublishedGradleVersions - Gradle version information cache is up-to-date. Trying to read.
2024-06-08 15:50:04,103 [Worker-2: Loading available Gradle versions] INFO  o.e.b.c.i.u.g.PublishedGradleVersions - Gradle version information cache is up-to-date. Trying to read.
2024-06-08 16:00:01,209 [Worker-6: Loading available Gradle versions] INFO  o.e.b.c.i.u.g.PublishedGradleVersions - Gradle version information cache is up-to-date. Trying to read.
2024-06-08 16:02:09,810 [Worker-2: Loading available Gradle versions] INFO  o.e.b.c.i.u.g.PublishedGradleVersions - Gradle version information cache is up-to-date. Trying to read.
2024-06-15 21:30:43,431 [Worker-5: Loading available Gradle versions] INFO  o.e.b.c.i.u.g.PublishedGradleVersions - Gradle version information cache is up-to-date. Trying to read.
2024-06-15 21:33:08,887 [Worker-4: Loading available Gradle versions] INFO  o.e.b.c.i.u.g.PublishedGradleVersions - Gradle version information cache is up-to-date. Trying to read.
2024-06-15 21:33:48,177 [Worker-8: Auto share git projects] WARN  org.eclipse.jgit.util.FS - C:\Program Files\Git\etc\.probe-fb9c1b00-8d8e-4192-8d44-0d43d67c19d6
java.nio.file.AccessDeniedException: C:\Program Files\Git\etc\.probe-fb9c1b00-8d8e-4192-8d44-0d43d67c19d6
	at java.base/sun.nio.fs.WindowsException.translateToIOException(WindowsException.java:89) ~[na:na]
	at java.base/sun.nio.fs.WindowsException.rethrowAsIOException(WindowsException.java:103) ~[na:na]
	at java.base/sun.nio.fs.WindowsException.rethrowAsIOException(WindowsException.java:108) ~[na:na]
	at java.base/sun.nio.fs.WindowsFileSystemProvider.newByteChannel(WindowsFileSystemProvider.java:235) ~[na:na]
	at java.base/java.nio.file.Files.newByteChannel(Files.java:371) ~[na:na]
	at java.base/java.nio.file.Files.createFile(Files.java:648) ~[na:na]
	at org.eclipse.jgit.util.FS$FileStoreAttributeCache.<init>(FS.java:234) ~[na:na]
	at org.eclipse.jgit.util.FS$FileStoreAttributeCache.getFsTimestampResolution(FS.java:211) ~[na:na]
	at org.eclipse.jgit.util.FS.getFsTimerResolution(FS.java:321) ~[na:na]
	at org.eclipse.jgit.internal.storage.file.FileSnapshot.<init>(FileSnapshot.java:186) ~[na:na]
	at org.eclipse.jgit.internal.storage.file.FileSnapshot.save(FileSnapshot.java:122) ~[na:na]
	at org.eclipse.jgit.storage.file.FileBasedConfig.load(FileBasedConfig.java:156) ~[na:na]
	at org.eclipse.jgit.internal.storage.file.FileRepository.loadSystemConfig(FileRepository.java:245) ~[na:na]
	at org.eclipse.jgit.internal.storage.file.FileRepository.<init>(FileRepository.java:203) ~[na:na]
	at org.eclipse.jgit.storage.file.FileRepositoryBuilder.build(FileRepositoryBuilder.java:88) ~[na:na]
	at org.eclipse.jgit.storage.file.FileRepositoryBuilder.create(FileRepositoryBuilder.java:108) ~[na:na]
	at org.eclipse.egit.core.RepositoryCache.lookupRepository(RepositoryCache.java:58) ~[na:na]
	at org.eclipse.egit.core.project.GitProjectData.map(GitProjectData.java:693) ~[na:na]
	at org.eclipse.egit.core.project.GitProjectData.remapAll(GitProjectData.java:651) ~[na:na]
	at org.eclipse.egit.core.project.GitProjectData.setRepositoryMappings(GitProjectData.java:465) ~[na:na]
	at org.eclipse.egit.core.op.ConnectProviderOperation.connectProject(ConnectProviderOperation.java:153) ~[na:na]
	at org.eclipse.egit.core.op.ConnectProviderOperation.execute(ConnectProviderOperation.java:111) ~[na:na]
	at org.eclipse.egit.core.internal.job.JobUtil$1.run(JobUtil.java:55) ~[na:na]
	at org.eclipse.core.internal.jobs.Worker.run(Worker.java:63) ~[org.eclipse.core.jobs_3.10.400.v20190506-1457.jar:na]
